<testsuites name="jest tests" tests="3" failures="0" time="0.809">
  <testsuite name="undefined" errors="0" failures="0" skipped="0" timestamp="2020-06-12T00:19:31" time="0.809" tests="3">
    <testcase classname=" Initial UI renders correctly" name=" Initial UI renders correctly" time="0.092">
    </testcase>
    <testcase classname=" Test with non existing author" name=" Test with non existing author" time="0.041">
    </testcase>
    <testcase classname=" Test with existing author" name=" Test with existing author" time="0.01">
    </testcase>
  </testsuite>
</testsuites>